<?xml version="1.0" encoding="UTF-8"?>
<!-- Generated by org.testng.reporters.JUnitXMLReporter -->
<testsuite ignored="1" hostname="P3A-B1Y0T72" failures="0" tests="5" name="Default test" time="52.073" errors="0" timestamp="28 Aug 2019 11:24:21 GMT">
  <testcase classname="testdata.demowebshop" name="login" time="4.839"/>
  <testcase classname="testdata.demowebshop" name="shop" time="13.367"/>
  <testcase classname="testdata.demowebshop" name="shippingcart" time="7.793"/>
  <testcase classname="testdata.demowebshop" name="checkout" time="14.466"/>
  <testcase classname="testdata.demowebshop" name="ordercomplete" time="4.925"/>
  <testcase classname="testdata.demowebshop" name="register" time="0.0">
    <ignored/>
  </testcase> <!-- register -->
</testsuite> <!-- Default test -->
