<?xml version="1.0" encoding="UTF-8"?>
<testng-results ignored="1" total="6" passed="5" failed="0" skipped="0">
  <reporter-output>
  </reporter-output>
  <suite started-at="2019-08-28T11:23:29Z" name="Default suite" finished-at="2019-08-28T11:24:21Z" duration-ms="52073">
    <groups>
    </groups>
    <test started-at="2019-08-28T11:23:29Z" name="Default test" finished-at="2019-08-28T11:24:21Z" duration-ms="52073">
      <class name="testdata.demowebshop">
        <test-method is-config="true" signature="beforeTest()[pri:0, instance:testdata.demowebshop@8317c52]" started-at="2019-08-28T11:23:29Z" name="beforeTest" finished-at="2019-08-28T11:23:36Z" duration-ms="6597" status="PASS">
          <reporter-output>
          </reporter-output>
        </test-method> <!-- beforeTest -->
        <test-method signature="login()[pri:1, instance:testdata.demowebshop@8317c52]" started-at="2019-08-28T11:23:36Z" name="login" finished-at="2019-08-28T11:23:40Z" duration-ms="4839" status="PASS">
          <reporter-output>
          </reporter-output>
        </test-method> <!-- login -->
        <test-method signature="shop()[pri:2, instance:testdata.demowebshop@8317c52]" started-at="2019-08-28T11:23:40Z" name="shop" finished-at="2019-08-28T11:23:54Z" duration-ms="13367" status="PASS">
          <reporter-output>
          </reporter-output>
        </test-method> <!-- shop -->
        <test-method signature="shippingcart()[pri:3, instance:testdata.demowebshop@8317c52]" started-at="2019-08-28T11:23:54Z" name="shippingcart" finished-at="2019-08-28T11:24:02Z" duration-ms="7793" status="PASS">
          <reporter-output>
          </reporter-output>
        </test-method> <!-- shippingcart -->
        <test-method signature="checkout()[pri:4, instance:testdata.demowebshop@8317c52]" started-at="2019-08-28T11:24:02Z" name="checkout" finished-at="2019-08-28T11:24:16Z" duration-ms="14466" status="PASS">
          <reporter-output>
          </reporter-output>
        </test-method> <!-- checkout -->
        <test-method signature="ordercomplete()[pri:5, instance:testdata.demowebshop@8317c52]" started-at="2019-08-28T11:24:16Z" name="ordercomplete" finished-at="2019-08-28T11:24:21Z" duration-ms="4925" status="PASS">
          <reporter-output>
          </reporter-output>
        </test-method> <!-- ordercomplete -->
        <test-method is-config="true" signature="afterTest()[pri:0, instance:testdata.demowebshop@8317c52]" started-at="2019-08-28T11:24:21Z" name="afterTest" finished-at="2019-08-28T11:24:21Z" duration-ms="30" status="PASS">
          <reporter-output>
          </reporter-output>
        </test-method> <!-- afterTest -->
      </class> <!-- testdata.demowebshop -->
    </test> <!-- Default test -->
  </suite> <!-- Default suite -->
</testng-results>
